#
# There is insufficient memory for the Java Runtime Environment to continue.
# Native memory allocation (mmap) failed to map 532676608 bytes for G1 virtual space
# Possible reasons:
#   The system is out of physical RAM or swap space
#   The process is running with CompressedOops enabled, and the Java Heap may be blocking the growth of the native heap
# Possible solutions:
#   Reduce memory load on the system
#   Increase physical memory or swap space
#   Check if swap backing store is full
#   Decrease Java heap size (-Xmx/-Xms)
#   Decrease number of Java threads
#   Decrease Java thread stack sizes (-Xss)
#   Set larger code cache with -XX:ReservedCodeCacheSize=
#   JVM is running with Zero Based Compressed Oops mode in which the Java heap is
#     placed in the first 32GB address space. The Java Heap base address is the
#     maximum limit for the native heap growth. Please use -XX:HeapBaseMinAddress
#     to set the Java Heap base and to place the Java Heap above 32GB virtual address.
# This output file may be truncated or incomplete.
#
#  Out of Memory Error (os_windows.cpp:3548), pid=68160, tid=73316
#
# JRE version:  (17.0.10+11) (build )
# Java VM: Java HotSpot(TM) 64-Bit Server VM (17.0.10+11-LTS-240, mixed mode, emulated-client, sharing, tiered, compressed oops, compressed class ptrs, g1 gc, windows-amd64)
# No core dump will be written. Minidumps are not enabled by default on client versions of Windows
#

---------------  S U M M A R Y ------------

Command Line: -XX:TieredStopAtLevel=1 -Dspring.output.ansi.enabled=always -Dcom.sun.management.jmxremote -Dspring.jmx.enabled=true -Dspring.liveBeansView.mbeanDomain -Dspring.application.admin.enabled=true -Dmanagement.endpoints.jmx.exposure.include=* -javaagent:E:\IntelliJ IDEA 2023.3.4\lib\idea_rt.jar=60988:E:\IntelliJ IDEA 2023.3.4\bin -Dfile.encoding=UTF-8 org.zhiran.zhiranbangbangApplication

Host: 13th Gen Intel(R) Core(TM) i9-13900H, 20 cores, 31G,  Windows 11 , 64 bit Build 22621 (10.0.22621.3235)
Time: Tue Apr  9 15:17:28 2024  Windows 11 , 64 bit Build 22621 (10.0.22621.3235) elapsed time: 0.011706 seconds (0d 0h 0m 0s)

---------------  T H R E A D  ---------------

Current thread (0x00000249f4c36070):  JavaThread "Unknown thread" [_thread_in_vm, id=73316, stack(0x000000e89eb00000,0x000000e89ec00000)]

Stack: [0x000000e89eb00000,0x000000e89ec00000]
Native frames: (J=compiled Java code, j=interpreted, Vv=VM code, C=native code)
V  [jvm.dll+0x677a5a]
V  [jvm.dll+0x7d8b2d]
V  [jvm.dll+0x7da48e]
V  [jvm.dll+0x7daaf3]
V  [jvm.dll+0x2455ff]
V  [jvm.dll+0x6749b9]
V  [jvm.dll+0x669382]
V  [jvm.dll+0x302e96]
V  [jvm.dll+0x30a416]
V  [jvm.dll+0x359cbe]
V  [jvm.dll+0x359eef]
V  [jvm.dll+0x2d9e88]
V  [jvm.dll+0x2dadf4]
V  [jvm.dll+0x7aa551]
V  [jvm.dll+0x367911]
V  [jvm.dll+0x789639]
V  [jvm.dll+0x3eb30f]
V  [jvm.dll+0x3ecd91]
C  [jli.dll+0x5297]
C  [ucrtbase.dll+0x29363]
C  [KERNEL32.DLL+0x1257d]
C  [ntdll.dll+0x5aa58]


---------------  P R O C E S S  ---------------

Threads class SMR info:
_java_thread_list=0x00007ffecaa16a18, length=0, elements={
}

Java Threads: ( => current thread )

Other Threads:
  0x00000249f4ca6ca0 GCTaskThread "GC Thread#0" [stack: 0x000000e89ec00000,0x000000e89ed00000] [id=38268]
  0x00000249f297dec0 ConcurrentGCThread "G1 Main Marker" [stack: 0x000000e89ed00000,0x000000e89ee00000] [id=69376]
  0x00000249f4cb37c0 ConcurrentGCThread "G1 Conc#0" [stack: 0x000000e89ee00000,0x000000e89ef00000] [id=52236]

[error occurred during error reporting (printing all threads), id 0xc0000005, EXCEPTION_ACCESS_VIOLATION (0xc0000005) at pc=0x00007ffeca24aae7]

VM state: not at safepoint (not fully initialized)

VM Mutex/Monitor currently owned by a thread:  ([mutex/lock_event])
[0x00000249f4c31810] Heap_lock - owner thread: 0x00000249f4c36070

Heap address: 0x0000000605c00000, size: 8100 MB, Compressed Oops mode: Zero based, Oop shift amount: 3

CDS archive(s) mapped at: [0x0000000000000000-0x0000000000000000-0x0000000000000000), size 0, SharedBaseAddress: 0x0000000800000000, ArchiveRelocationMode: 1.
Narrow klass base: 0x0000000000000000, Narrow klass shift: 0, Narrow klass range: 0x0

GC Precious Log:
<Empty>

Heap:
 garbage-first heap   total 0K, used 0K [0x0000000605c00000, 0x0000000800000000)
  region size 4096K, 0 young (0K), 0 survivors (0K)

[error occurred during error reporting (printing heap information), id 0xc0000005, EXCEPTION_ACCESS_VIOLATION (0xc0000005) at pc=0x00007ffeca631249]

GC Heap History (0 events):
No events

Deoptimization events (0 events):
No events

Classes unloaded (0 events):
No events

Classes redefined (0 events):
No events

Internal exceptions (0 events):
No events

VM Operations (0 events):
No events

Events (1 events):
Event: 0.008 Loaded shared library E:\jdk17\bin\java.dll


Dynamic libraries:
0x00007ff7a0ef0000 - 0x00007ff7a0f00000 	E:\jdk17\bin\java.exe
0x00007fff64df0000 - 0x00007fff65006000 	C:\Windows\SYSTEM32\ntdll.dll
0x00007fff636c0000 - 0x00007fff63784000 	C:\Windows\System32\KERNEL32.DLL
0x00007fff62440000 - 0x00007fff627e6000 	C:\Windows\System32\KERNELBASE.dll
0x00007fff62130000 - 0x00007fff62241000 	C:\Windows\System32\ucrtbase.dll
0x00007fff39d70000 - 0x00007fff39d8b000 	E:\jdk17\bin\VCRUNTIME140.dll
0x00007fff3cae0000 - 0x00007fff3caf9000 	E:\jdk17\bin\jli.dll
0x00007fff63790000 - 0x00007fff63842000 	C:\Windows\System32\ADVAPI32.dll
0x00007fff63280000 - 0x00007fff63327000 	C:\Windows\System32\msvcrt.dll
0x00007fff64440000 - 0x00007fff644e8000 	C:\Windows\System32\sechost.dll
0x00007fff62b10000 - 0x00007fff62b38000 	C:\Windows\System32\bcrypt.dll
0x00007fff63e40000 - 0x00007fff63f55000 	C:\Windows\System32\RPCRT4.dll
0x00007fff63960000 - 0x00007fff63b0d000 	C:\Windows\System32\USER32.dll
0x00007fff62a20000 - 0x00007fff62a46000 	C:\Windows\System32\win32u.dll
0x00007fff43650000 - 0x00007fff438e3000 	C:\Windows\WinSxS\amd64_microsoft.windows.common-controls_6595b64144ccf1df_6.0.22621.3235_none_270f74e173860f98\COMCTL32.dll
0x00007fff63030000 - 0x00007fff63059000 	C:\Windows\System32\GDI32.dll
0x00007fff62900000 - 0x00007fff62a18000 	C:\Windows\System32\gdi32full.dll
0x00007fff627f0000 - 0x00007fff6288a000 	C:\Windows\System32\msvcp_win.dll
0x00007fff58490000 - 0x00007fff5849a000 	C:\Windows\SYSTEM32\VERSION.dll
0x00007fff633b0000 - 0x00007fff633e1000 	C:\Windows\System32\IMM32.DLL
0x00007fff55e50000 - 0x00007fff55e5c000 	E:\jdk17\bin\vcruntime140_1.dll
0x00007ffef2c00000 - 0x00007ffef2c8e000 	E:\jdk17\bin\msvcp140.dll
0x00007ffec9f60000 - 0x00007ffecab3f000 	E:\jdk17\bin\server\jvm.dll
0x00007fff63e30000 - 0x00007fff63e38000 	C:\Windows\System32\PSAPI.DLL
0x00007fff33ce0000 - 0x00007fff33ce9000 	C:\Windows\SYSTEM32\WSOCK32.dll
0x00007fff590d0000 - 0x00007fff59104000 	C:\Windows\SYSTEM32\WINMM.dll
0x00007fff63330000 - 0x00007fff633a1000 	C:\Windows\System32\WS2_32.dll
0x00007fff61260000 - 0x00007fff61278000 	C:\Windows\SYSTEM32\kernel.appcore.dll
0x00007fff3ea20000 - 0x00007fff3ea2a000 	E:\jdk17\bin\jimage.dll
0x00007fff60710000 - 0x00007fff60943000 	C:\Windows\SYSTEM32\DBGHELP.DLL
0x00007fff62b40000 - 0x00007fff62ec8000 	C:\Windows\System32\combase.dll
0x00007fff63070000 - 0x00007fff63147000 	C:\Windows\System32\OLEAUT32.dll
0x00007fff54d50000 - 0x00007fff54d82000 	C:\Windows\SYSTEM32\dbgcore.DLL
0x00007fff623c0000 - 0x00007fff6243a000 	C:\Windows\System32\bcryptPrimitives.dll
0x00007fff5ba40000 - 0x00007fff5ba4e000 	E:\jdk17\bin\instrument.dll
0x00007fff39d40000 - 0x00007fff39d65000 	E:\jdk17\bin\java.dll

dbghelp: loaded successfully - version: 4.0.5 - missing functions: none
symbol engine: initialized successfully - sym options: 0x614 - pdb path: .;E:\jdk17\bin;C:\Windows\SYSTEM32;C:\Windows\WinSxS\amd64_microsoft.windows.common-controls_6595b64144ccf1df_6.0.22621.3235_none_270f74e173860f98;E:\jdk17\bin\server

VM Arguments:
jvm_args: -XX:TieredStopAtLevel=1 -Dspring.output.ansi.enabled=always -Dcom.sun.management.jmxremote -Dspring.jmx.enabled=true -Dspring.liveBeansView.mbeanDomain -Dspring.application.admin.enabled=true -Dmanagement.endpoints.jmx.exposure.include=* -javaagent:E:\IntelliJ IDEA 2023.3.4\lib\idea_rt.jar=60988:E:\IntelliJ IDEA 2023.3.4\bin -Dfile.encoding=UTF-8 
java_command: org.zhiran.zhiranbangbangApplication
java_class_path (initial): E:\Important(E)\zhiranbangbang\target\classes;C:\Users\wangks大发\.m2\repository\org\springframework\boot\spring-boot-starter-validation\3.1.3\spring-boot-starter-validation-3.1.3.jar;C:\Users\wangks大发\.m2\repository\org\springframework\boot\spring-boot-starter\3.1.3\spring-boot-starter-3.1.3.jar;C:\Users\wangks大发\.m2\repository\org\springframework\boot\spring-boot\3.1.3\spring-boot-3.1.3.jar;C:\Users\wangks大发\.m2\repository\org\springframework\boot\spring-boot-autoconfigure\3.1.3\spring-boot-autoconfigure-3.1.3.jar;C:\Users\wangks大发\.m2\repository\org\springframework\boot\spring-boot-starter-logging\3.1.3\spring-boot-starter-logging-3.1.3.jar;C:\Users\wangks大发\.m2\repository\ch\qos\logback\logback-classic\1.4.11\logback-classic-1.4.11.jar;C:\Users\wangks大发\.m2\repository\ch\qos\logback\logback-core\1.4.11\logback-core-1.4.11.jar;C:\Users\wangks大发\.m2\repository\org\apache\logging\log4j\log4j-to-slf4j\2.20.0\log4j-to-slf4j-2.20.0.jar;C:\Users\wangks大发\.m2\repository\org\apache\logging\log4j\log4j-api\2.20.0\log4j-api-2.20.0.jar;C:\Users\wangks大发\.m2\repository\org\slf4j\jul-to-slf4j\2.0.7\jul-to-slf4j-2.0.7.jar;C:\Users\wangks大发\.m2\repository\jakarta\annotation\jakarta.annotation-api\2.1.1\jakarta.annotation-api-2.1.1.jar;C:\Users\wangks大发\.m2\repository\org\yaml\snakeyaml\1.33\snakeyaml-1.33.jar;C:\Users\wangks大发\.m2\repository\org\apache\tomcat\embed\tomcat-embed-el\10.1.12\tomcat-embed-el-10.1.12.jar;C:\Users\wangks大发\.m2\repository\org\hibernate\validator\hibernate-validator\8.0.1.Final\hibernate-validator-8.0.1.Final.jar;C:\Users\wangks大发\.m2\repository\jakarta\validation\jakarta.validation-api\3.0.2\jakarta.validation-api-3.0.2.jar;C:\Users\wangks大发\.m2\repository\org\jboss\logging\jboss-logging\3.5.3.Final\jboss-logging-3.5.3.Final.jar;C:\Users\wangks大发\.m2\repository\com\fasterxml\classmate\1.5.1\classmate-1.5.1.jar;C:\Users\wangks大发\.m2\repository\com\auth0\java-jwt\4.4.0\java-jwt-4.4.0.jar;C:\
Launcher Type: SUN_STANDARD

[Global flags]
     intx CICompilerCount                          = 12                                        {product} {ergonomic}
     uint ConcGCThreads                            = 4                                         {product} {ergonomic}
     uint G1ConcRefinementThreads                  = 15                                        {product} {ergonomic}
   size_t G1HeapRegionSize                         = 4194304                                   {product} {ergonomic}
    uintx GCDrainStackTargetSize                   = 64                                        {product} {ergonomic}
   size_t InitialHeapSize                          = 532676608                                 {product} {ergonomic}
     bool ManagementServer                         = true                                      {product} {command line}
   size_t MarkStackSize                            = 4194304                                   {product} {ergonomic}
   size_t MaxHeapSize                              = 8493465600                                {product} {ergonomic}
   size_t MinHeapDeltaBytes                        = 4194304                                   {product} {ergonomic}
   size_t MinHeapSize                              = 8388608                                   {product} {ergonomic}
    uintx NonProfiledCodeHeapSize                  = 0                                      {pd product} {ergonomic}
     bool ProfileInterpreter                       = false                                  {pd product} {command line}
    uintx ProfiledCodeHeapSize                     = 0                                      {pd product} {ergonomic}
   size_t SoftMaxHeapSize                          = 8493465600                             {manageable} {ergonomic}
     intx TieredStopAtLevel                        = 1                                         {product} {command line}
     bool UseCompressedClassPointers               = true                           {product lp64_product} {ergonomic}
     bool UseCompressedOops                        = true                           {product lp64_product} {ergonomic}
     bool UseG1GC                                  = true                                      {product} {ergonomic}
     bool UseLargePagesIndividualAllocation        = false                                  {pd product} {ergonomic}

Logging:
Log output configuration:
 #0: stdout all=warning uptime,level,tags
 #1: stderr all=off uptime,level,tags

Environment Variables:
PATH=E:\python-3.6.8\Scripts\;E:\python-3.6.8\;C:\Program Files\Common Files\Oracle\Java\javapath;D:\VMware\bin\;C:\Windows\system32;C:\Windows;C:\Windows\System32\Wbem;C:\Windows\System32\WindowsPowerShell\v1.0\;C:\Windows\System32\OpenSSH\;C:\Program Files (x86)\NVIDIA Corporation\PhysX\Common;C:\Program Files\NVIDIA Corporation\NVIDIA NvDLISR;C:\Program Files\Microsoft SQL Server\150\Tools\Binn\;C:\Program Files\Microsoft SQL Server\Client SDK\ODBC\170\Tools\Binn\;C:\Program Files\dotnet\;C:\Program Files\NVIDIA Corporation\Nsight Compute 2023.2.0\;C:\Program Files (x86)\Microsoft SQL Server\150\Tools\Binn\;C:\Program Files\Microsoft SQL Server\150\DTS\Binn\;C:\Program Files (x86)\Windows Kits\8.1\Windows Performance Toolkit\;E:\node.js\;E:\node.js;E:\node.jsnode_global;E:\node.jsnode_cache;E:\Git\cmd;E:\node.js\node_global;E:\node.js\node_global\node_modules\cnpm\lib\parse_argv.js;E:\xhell\;E:\MySQL\MySQL Server 8.0\bin;E:\blog;E:\maven\apache-maven-3.9.6\bin;E:\MySQL\MySQL Shell 8.0\bin\;C:\Users\wangks大发\AppData\Local\Programs\Python\Python310\Scripts\;C:\Users\wangks大发\AppData\Local\Programs\Python\Python310\;C:\Users\wangks大发\AppData\Local\Programs\Python\Python311\Scripts\;C:\Users\wangks大发\AppData\Local\Programs\Python\Python311\;C:\Users\wangks大发\AppData\Local\Microsoft\WindowsApps;D:\PyCharm 2023.1.2\bin;;C:\Users\wangks大发\.dotnet\tools;E:\Microsoft VS Code\bin;E:\IntelliJ IDEA 2023.3.4\bin;;C:\Users\wangks大发\AppData\Roaming\npm;E:\DataGrip 2023.3.4\bin;
USERNAME=wangks大发
OS=Windows_NT
PROCESSOR_IDENTIFIER=Intel64 Family 6 Model 186 Stepping 2, GenuineIntel



---------------  S Y S T E M  ---------------

OS:
 Windows 11 , 64 bit Build 22621 (10.0.22621.3235)
OS uptime: 1 days 14:38 hours

CPU: total 20 (initial active 20) (10 cores per cpu, 2 threads per core) family 6 model 186 stepping 2 microcode 0x410e, cx8, cmov, fxsr, ht, mmx, 3dnowpref, sse, sse2, sse3, ssse3, sse4.1, sse4.2, popcnt, lzcnt, tsc, tscinvbit, avx, avx2, aes, erms, clmul, bmi1, bmi2, adx, sha, fma, vzeroupper, clflush, clflushopt, clwb

Memory: 4k page, system-wide physical 32387M (13888M free)
TotalPageFile size 53936M (AvailPageFile size 480M)
current process WorkingSet (physical memory assigned to process): 12M, peak: 12M
current process commit charge ("private bytes"): 70M, peak: 578M

vm_info: Java HotSpot(TM) 64-Bit Server VM (17.0.10+11-LTS-240) for windows-amd64 JRE (17.0.10+11-LTS-240), built on Dec 19 2023 21:47:25 by "mach5one" with MS VC++ 17.1 (VS2022)

END.
